<?xml version="1.0" encoding="UTF-8"?>
<coverage generated="1782504365598" clover="3.2.0">
  <project timestamp="1782504365598" name="All files">
    <metrics statements="106" coveredstatements="105" conditionals="117" coveredconditionals="111" methods="20" coveredmethods="20" elements="243" coveredelements="236" complexity="0" loc="106" ncloc="106" packages="1" files="1" classes="1"/>
    <file name="config.ts" path="/Users/matthieu/Workspace/twinkly-mcp/src/config.ts">
      <metrics statements="106" coveredstatements="105" conditionals="117" coveredconditionals="111" methods="20" coveredmethods="20"/>
      <line num="14" count="1" type="stmt"/>
      <line num="25" count="1" type="stmt"/>
      <line num="26" count="1" type="stmt"/>
      <line num="29" count="1" type="stmt"/>
      <line num="35" count="1" type="stmt"/>
      <line num="52" count="24" type="cond" truecount="4" falsecount="0"/>
      <line num="53" count="1" type="stmt"/>
      <line num="64" count="1" type="stmt"/>
      <line num="66" count="1" type="stmt"/>
      <line num="77" count="14" type="stmt"/>
      <line num="104" count="86" type="cond" truecount="2" falsecount="0"/>
      <line num="105" count="8" type="stmt"/>
      <line num="106" count="8" type="cond" truecount="2" falsecount="0"/>
      <line num="107" count="5" type="cond" truecount="2" falsecount="0"/>
      <line num="108" count="1" type="stmt"/>
      <line num="112" count="111" type="cond" truecount="2" falsecount="0"/>
      <line num="113" count="10" type="stmt"/>
      <line num="114" count="10" type="cond" truecount="2" falsecount="0"/>
      <line num="115" count="1" type="stmt"/>
      <line num="117" count="9" type="stmt"/>
      <line num="121" count="55" type="cond" truecount="2" falsecount="0"/>
      <line num="122" count="2" type="stmt"/>
      <line num="124" count="5" type="stmt"/>
      <line num="125" count="5" type="stmt"/>
      <line num="130" count="33" type="cond" truecount="2" falsecount="0"/>
      <line num="132" count="7" type="stmt"/>
      <line num="133" count="7" type="stmt"/>
      <line num="135" count="1" type="stmt"/>
      <line num="137" count="6" type="cond" truecount="5" falsecount="0"/>
      <line num="138" count="1" type="stmt"/>
      <line num="140" count="5" type="stmt"/>
      <line num="141" count="6" type="cond" truecount="4" falsecount="0"/>
      <line num="142" count="1" type="stmt"/>
      <line num="144" count="5" type="stmt"/>
      <line num="149" count="33" type="stmt"/>
      <line num="150" count="33" type="stmt"/>
      <line num="151" count="33" type="cond" truecount="2" falsecount="0"/>
      <line num="152" count="30" type="cond" truecount="2" falsecount="0"/>
      <line num="153" count="4" type="stmt"/>
      <line num="156" count="30" type="stmt"/>
      <line num="172" count="28" type="stmt"/>
      <line num="173" count="28" type="stmt"/>
      <line num="175" count="28" type="stmt"/>
      <line num="176" count="16" type="stmt"/>
      <line num="177" count="16" type="cond" truecount="4" falsecount="0"/>
      <line num="178" count="14" type="stmt"/>
      <line num="179" count="14" type="stmt"/>
      <line num="182" count="14" type="cond" truecount="2" falsecount="0"/>
      <line num="183" count="2" type="stmt"/>
      <line num="184" count="2" type="stmt"/>
      <line num="186" count="12" type="stmt"/>
      <line num="187" count="12" type="stmt"/>
      <line num="188" count="12" type="cond" truecount="4" falsecount="0"/>
      <line num="189" count="10" type="stmt"/>
      <line num="190" count="10" type="stmt"/>
      <line num="192" count="2" type="stmt"/>
      <line num="196" count="14" type="cond" truecount="2" falsecount="0"/>
      <line num="198" count="5" type="stmt"/>
      <line num="199" count="5" type="stmt"/>
      <line num="200" count="5" type="cond" truecount="2" falsecount="0"/>
      <line num="201" count="4" type="stmt"/>
      <line num="203" count="9" type="stmt"/>
      <line num="207" count="27" type="stmt"/>
      <line num="208" count="27" type="cond" truecount="2" falsecount="0"/>
      <line num="209" count="3" type="stmt"/>
      <line num="212" count="27" type="stmt"/>
      <line num="213" count="162" type="stmt"/>
      <line num="214" count="162" type="cond" truecount="2" falsecount="0"/>
      <line num="216" count="81" type="cond" truecount="2" falsecount="0"/>
      <line num="218" count="27" type="stmt"/>
      <line num="233" count="55" type="stmt"/>
      <line num="234" count="550" type="stmt"/>
      <line num="243" count="27" type="stmt"/>
      <line num="244" count="27" type="stmt"/>
      <line num="245" count="81" type="cond" truecount="2" falsecount="0"/>
      <line num="246" count="19" type="stmt"/>
      <line num="249" count="27" type="stmt"/>
      <line num="257" count="33" type="cond" truecount="2" falsecount="0"/>
      <line num="258" count="33" type="cond" truecount="2" falsecount="0"/>
      <line num="259" count="33" type="cond" truecount="2" falsecount="0"/>
      <line num="261" count="33" type="stmt"/>
      <line num="275" count="33" type="stmt"/>
      <line num="276" count="33" type="cond" truecount="2" falsecount="0"/>
      <line num="277" count="6" type="stmt"/>
      <line num="278" count="6" type="cond" truecount="1" falsecount="1"/>
      <line num="280" count="6" type="stmt"/>
      <line num="282" count="21" type="stmt"/>
      <line num="290" count="9" type="stmt"/>
      <line num="291" count="3" type="stmt"/>
      <line num="292" count="3" type="cond" truecount="1" falsecount="1"/>
      <line num="293" count="3" type="cond" truecount="2" falsecount="0"/>
      <line num="294" count="1" type="cond" truecount="1" falsecount="1"/>
      <line num="296" count="6" type="stmt"/>
      <line num="307" count="4" type="cond" truecount="1" falsecount="1"/>
      <line num="308" count="4" type="cond" truecount="1" falsecount="1"/>
      <line num="311" count="4" type="stmt"/>
      <line num="312" count="4" type="cond" truecount="2" falsecount="0"/>
      <line num="313" count="3" type="cond" truecount="1" falsecount="1"/>
      <line num="314" count="0" type="stmt"/>
      <line num="317" count="3" type="stmt"/>
      <line num="318" count="3" type="stmt"/>
      <line num="320" count="1" type="stmt"/>
      <line num="322" count="2" type="stmt"/>
      <line num="323" count="2" type="stmt"/>
      <line num="325" count="1" type="stmt"/>
      <line num="329" count="2" type="stmt"/>
    </file>
  </project>
</coverage>
