{"/Users/matthieu/Workspace/twinkly-mcp/src/config.ts": {"path":"/Users/matthieu/Workspace/twinkly-mcp/src/config.ts","statementMap":{"0":{"start":{"line":14,"column":27},"end":{"line":22,"column":null}},"1":{"start":{"line":25,"column":26},"end":{"line":25,"column":null}},"2":{"start":{"line":26,"column":26},"end":{"line":26,"column":null}},"3":{"start":{"line":29,"column":21},"end":{"line":32,"column":null}},"4":{"start":{"line":35,"column":21},"end":{"line":59,"column":null}},"5":{"start":{"line":52,"column":4},"end":{"line":58,"column":null}},"6":{"start":{"line":52,"column":54},"end":{"line":52,"column":82}},"7":{"start":{"line":53,"column":6},"end":{"line":57,"column":null}},"8":{"start":{"line":64,"column":36},"end":{"line":64,"column":null}},"9":{"start":{"line":66,"column":17},"end":{"line":74,"column":null}},"10":{"start":{"line":77,"column":27},"end":{"line":77,"column":null}},"11":{"start":{"line":104,"column":2},"end":{"line":104,"column":null}},"12":{"start":{"line":104,"column":27},"end":{"line":104,"column":null}},"13":{"start":{"line":105,"column":12},"end":{"line":105,"column":null}},"14":{"start":{"line":106,"column":2},"end":{"line":106,"column":null}},"15":{"start":{"line":106,"column":46},"end":{"line":106,"column":null}},"16":{"start":{"line":107,"column":2},"end":{"line":107,"column":null}},"17":{"start":{"line":107,"column":51},"end":{"line":107,"column":null}},"18":{"start":{"line":108,"column":2},"end":{"line":108,"column":null}},"19":{"start":{"line":112,"column":2},"end":{"line":112,"column":null}},"20":{"start":{"line":112,"column":27},"end":{"line":112,"column":null}},"21":{"start":{"line":113,"column":12},"end":{"line":113,"column":null}},"22":{"start":{"line":114,"column":2},"end":{"line":116,"column":null}},"23":{"start":{"line":115,"column":4},"end":{"line":115,"column":null}},"24":{"start":{"line":117,"column":2},"end":{"line":117,"column":null}},"25":{"start":{"line":121,"column":2},"end":{"line":121,"column":null}},"26":{"start":{"line":121,"column":27},"end":{"line":121,"column":null}},"27":{"start":{"line":122,"column":2},"end":{"line":125,"column":null}},"28":{"start":{"line":124,"column":16},"end":{"line":124,"column":24}},"29":{"start":{"line":125,"column":19},"end":{"line":125,"column":31}},"30":{"start":{"line":130,"column":2},"end":{"line":130,"column":null}},"31":{"start":{"line":130,"column":27},"end":{"line":130,"column":null}},"32":{"start":{"line":132,"column":2},"end":{"line":136,"column":null}},"33":{"start":{"line":133,"column":4},"end":{"line":133,"column":null}},"34":{"start":{"line":135,"column":4},"end":{"line":135,"column":null}},"35":{"start":{"line":137,"column":2},"end":{"line":139,"column":null}},"36":{"start":{"line":138,"column":4},"end":{"line":138,"column":null}},"37":{"start":{"line":140,"column":2},"end":{"line":145,"column":null}},"38":{"start":{"line":141,"column":4},"end":{"line":143,"column":null}},"39":{"start":{"line":142,"column":6},"end":{"line":142,"column":null}},"40":{"start":{"line":144,"column":4},"end":{"line":144,"column":null}},"41":{"start":{"line":149,"column":34},"end":{"line":149,"column":null}},"42":{"start":{"line":150,"column":17},"end":{"line":150,"column":null}},"43":{"start":{"line":151,"column":2},"end":{"line":151,"column":null}},"44":{"start":{"line":151,"column":14},"end":{"line":151,"column":null}},"45":{"start":{"line":152,"column":2},"end":{"line":154,"column":null}},"46":{"start":{"line":153,"column":4},"end":{"line":153,"column":null}},"47":{"start":{"line":156,"column":2},"end":{"line":167,"column":null}},"48":{"start":{"line":172,"column":16},"end":{"line":172,"column":null}},"49":{"start":{"line":173,"column":34},"end":{"line":173,"column":null}},"50":{"start":{"line":175,"column":2},"end":{"line":205,"column":null}},"51":{"start":{"line":175,"column":15},"end":{"line":175,"column":18}},"52":{"start":{"line":176,"column":16},"end":{"line":176,"column":null}},"53":{"start":{"line":177,"column":4},"end":{"line":177,"column":null}},"54":{"start":{"line":177,"column":52},"end":{"line":177,"column":null}},"55":{"start":{"line":178,"column":17},"end":{"line":178,"column":null}},"56":{"start":{"line":179,"column":15},"end":{"line":179,"column":null}},"57":{"start":{"line":182,"column":4},"end":{"line":194,"column":null}},"58":{"start":{"line":183,"column":6},"end":{"line":183,"column":null}},"59":{"start":{"line":184,"column":6},"end":{"line":184,"column":null}},"60":{"start":{"line":186,"column":6},"end":{"line":186,"column":null}},"61":{"start":{"line":187,"column":19},"end":{"line":187,"column":null}},"62":{"start":{"line":188,"column":6},"end":{"line":193,"column":null}},"63":{"start":{"line":189,"column":8},"end":{"line":189,"column":null}},"64":{"start":{"line":190,"column":8},"end":{"line":190,"column":null}},"65":{"start":{"line":192,"column":8},"end":{"line":192,"column":null}},"66":{"start":{"line":196,"column":4},"end":{"line":204,"column":null}},"67":{"start":{"line":198,"column":18},"end":{"line":198,"column":null}},"68":{"start":{"line":199,"column":18},"end":{"line":199,"column":null}},"69":{"start":{"line":200,"column":6},"end":{"line":200,"column":null}},"70":{"start":{"line":200,"column":22},"end":{"line":200,"column":null}},"71":{"start":{"line":201,"column":6},"end":{"line":201,"column":null}},"72":{"start":{"line":203,"column":6},"end":{"line":203,"column":null}},"73":{"start":{"line":207,"column":13},"end":{"line":207,"column":null}},"74":{"start":{"line":208,"column":2},"end":{"line":210,"column":null}},"75":{"start":{"line":209,"column":4},"end":{"line":209,"column":null}},"76":{"start":{"line":212,"column":8},"end":{"line":215,"column":null}},"77":{"start":{"line":213,"column":14},"end":{"line":213,"column":null}},"78":{"start":{"line":214,"column":4},"end":{"line":214,"column":null}},"79":{"start":{"line":216,"column":8},"end":{"line":216,"column":null}},"80":{"start":{"line":216,"column":52},"end":{"line":216,"column":null}},"81":{"start":{"line":218,"column":2},"end":{"line":229,"column":null}},"82":{"start":{"line":233,"column":2},"end":{"line":235,"column":null}},"83":{"start":{"line":234,"column":42},"end":{"line":234,"column":57}},"84":{"start":{"line":243,"column":17},"end":{"line":243,"column":null}},"85":{"start":{"line":244,"column":2},"end":{"line":248,"column":null}},"86":{"start":{"line":245,"column":4},"end":{"line":247,"column":null}},"87":{"start":{"line":246,"column":6},"end":{"line":246,"column":null}},"88":{"start":{"line":249,"column":2},"end":{"line":249,"column":null}},"89":{"start":{"line":257,"column":15},"end":{"line":257,"column":null}},"90":{"start":{"line":258,"column":14},"end":{"line":258,"column":null}},"91":{"start":{"line":259,"column":14},"end":{"line":259,"column":null}},"92":{"start":{"line":261,"column":17},"end":{"line":273,"column":null}},"93":{"start":{"line":275,"column":17},"end":{"line":275,"column":null}},"94":{"start":{"line":276,"column":2},"end":{"line":281,"column":null}},"95":{"start":{"line":277,"column":20},"end":{"line":279,"column":null}},"96":{"start":{"line":278,"column":18},"end":{"line":278,"column":65}},"97":{"start":{"line":280,"column":4},"end":{"line":280,"column":null}},"98":{"start":{"line":282,"column":2},"end":{"line":282,"column":null}},"99":{"start":{"line":290,"column":2},"end":{"line":295,"column":null}},"100":{"start":{"line":290,"column":15},"end":{"line":290,"column":18}},"101":{"start":{"line":291,"column":16},"end":{"line":291,"column":null}},"102":{"start":{"line":292,"column":4},"end":{"line":292,"column":null}},"103":{"start":{"line":292,"column":27},"end":{"line":292,"column":null}},"104":{"start":{"line":293,"column":4},"end":{"line":293,"column":null}},"105":{"start":{"line":293,"column":37},"end":{"line":293,"column":null}},"106":{"start":{"line":294,"column":4},"end":{"line":294,"column":null}},"107":{"start":{"line":294,"column":28},"end":{"line":294,"column":null}},"108":{"start":{"line":296,"column":2},"end":{"line":296,"column":null}},"109":{"start":{"line":307,"column":14},"end":{"line":307,"column":null}},"110":{"start":{"line":308,"column":15},"end":{"line":308,"column":null}},"111":{"start":{"line":311,"column":15},"end":{"line":311,"column":null}},"112":{"start":{"line":312,"column":2},"end":{"line":327,"column":null}},"113":{"start":{"line":313,"column":4},"end":{"line":315,"column":null}},"114":{"start":{"line":314,"column":6},"end":{"line":314,"column":null}},"115":{"start":{"line":317,"column":4},"end":{"line":321,"column":null}},"116":{"start":{"line":318,"column":6},"end":{"line":318,"column":null}},"117":{"start":{"line":320,"column":6},"end":{"line":320,"column":null}},"118":{"start":{"line":322,"column":4},"end":{"line":326,"column":null}},"119":{"start":{"line":323,"column":6},"end":{"line":323,"column":null}},"120":{"start":{"line":325,"column":6},"end":{"line":325,"column":null}},"121":{"start":{"line":329,"column":2},"end":{"line":329,"column":null}}},"fnMap":{"0":{"name":"(anonymous_0)","decl":{"start":{"line":49,"column":3},"end":{"line":49,"column":16}},"loc":{"start":{"line":49,"column":29},"end":{"line":59,"column":3}},"line":49},"1":{"name":"(anonymous_1)","decl":{"start":{"line":52,"column":42},"end":{"line":52,"column":48}},"loc":{"start":{"line":52,"column":54},"end":{"line":52,"column":82}},"line":52},"2":{"name":"parseBool","decl":{"start":{"line":103,"column":9},"end":{"line":103,"column":19}},"loc":{"start":{"line":103,"column":67},"end":{"line":109,"column":null}},"line":103},"3":{"name":"parseIntStrict","decl":{"start":{"line":111,"column":9},"end":{"line":111,"column":24}},"loc":{"start":{"line":111,"column":86},"end":{"line":118,"column":null}},"line":111},"4":{"name":"parseList","decl":{"start":{"line":120,"column":9},"end":{"line":120,"column":19}},"loc":{"start":{"line":120,"column":68},"end":{"line":126,"column":null}},"line":120},"5":{"name":"(anonymous_5)","decl":{"start":{"line":124,"column":5},"end":{"line":124,"column":10}},"loc":{"start":{"line":124,"column":16},"end":{"line":124,"column":24}},"line":124},"6":{"name":"(anonymous_6)","decl":{"start":{"line":125,"column":5},"end":{"line":125,"column":13}},"loc":{"start":{"line":125,"column":19},"end":{"line":125,"column":31}},"line":125},"7":{"name":"parseDeviceMap","decl":{"start":{"line":129,"column":9},"end":{"line":129,"column":24}},"loc":{"start":{"line":129,"column":79},"end":{"line":146,"column":null}},"line":129},"8":{"name":"(anonymous_8)","decl":{"start":{"line":140,"column":56},"end":{"line":140,"column":61}},"loc":{"start":{"line":140,"column":76},"end":{"line":145,"column":3}},"line":140},"9":{"name":"fragmentFromEnv","decl":{"start":{"line":148,"column":9},"end":{"line":148,"column":25}},"loc":{"start":{"line":148,"column":82},"end":{"line":168,"column":null}},"line":148},"10":{"name":"fragmentFromArgv","decl":{"start":{"line":171,"column":9},"end":{"line":171,"column":26}},"loc":{"start":{"line":171,"column":58},"end":{"line":230,"column":null}},"line":171},"11":{"name":"(anonymous_11)","decl":{"start":{"line":212,"column":8},"end":{"line":212,"column":15}},"loc":{"start":{"line":212,"column":49},"end":{"line":215,"column":null}},"line":212},"12":{"name":"(anonymous_12)","decl":{"start":{"line":216,"column":8},"end":{"line":216,"column":16}},"loc":{"start":{"line":216,"column":52},"end":{"line":216,"column":null}},"line":216},"13":{"name":"stripUndefined","decl":{"start":{"line":232,"column":9},"end":{"line":232,"column":24}},"loc":{"start":{"line":232,"column":61},"end":{"line":236,"column":null}},"line":232},"14":{"name":"(anonymous_14)","decl":{"start":{"line":234,"column":24},"end":{"line":234,"column":32}},"loc":{"start":{"line":234,"column":42},"end":{"line":234,"column":57}},"line":234},"15":{"name":"mergeDevices","decl":{"start":{"line":242,"column":9},"end":{"line":242,"column":22}},"loc":{"start":{"line":242,"column":80},"end":{"line":250,"column":null}},"line":242},"16":{"name":"parseConfig","decl":{"start":{"line":256,"column":16},"end":{"line":256,"column":28}},"loc":{"start":{"line":256,"column":74},"end":{"line":283,"column":null}},"line":256},"17":{"name":"(anonymous_17)","decl":{"start":{"line":278,"column":7},"end":{"line":278,"column":12}},"loc":{"start":{"line":278,"column":18},"end":{"line":278,"column":65}},"line":278},"18":{"name":"resolveConfigPath","decl":{"start":{"line":286,"column":16},"end":{"line":286,"column":null}},"loc":{"start":{"line":289,"column":22},"end":{"line":297,"column":null}},"line":289},"19":{"name":"loadConfig","decl":{"start":{"line":306,"column":16},"end":{"line":306,"column":27}},"loc":{"start":{"line":306,"column":72},"end":{"line":330,"column":null}},"line":306}},"branchMap":{"0":{"loc":{"start":{"line":52,"column":4},"end":{"line":58,"column":null}},"type":"if","locations":[{"start":{"line":52,"column":4},"end":{"line":58,"column":null}},{"start":{},"end":{}}],"line":52},"1":{"loc":{"start":{"line":52,"column":8},"end":{"line":52,"column":85}},"type":"binary-expr","locations":[{"start":{"line":52,"column":8},"end":{"line":52,"column":29}},{"start":{"line":52,"column":29},"end":{"line":52,"column":85}}],"line":52},"2":{"loc":{"start":{"line":104,"column":2},"end":{"line":104,"column":null}},"type":"if","locations":[{"start":{"line":104,"column":2},"end":{"line":104,"column":null}},{"start":{},"end":{}}],"line":104},"3":{"loc":{"start":{"line":106,"column":2},"end":{"line":106,"column":null}},"type":"if","locations":[{"start":{"line":106,"column":2},"end":{"line":106,"column":null}},{"start":{},"end":{}}],"line":106},"4":{"loc":{"start":{"line":107,"column":2},"end":{"line":107,"column":null}},"type":"if","locations":[{"start":{"line":107,"column":2},"end":{"line":107,"column":null}},{"start":{},"end":{}}],"line":107},"5":{"loc":{"start":{"line":112,"column":2},"end":{"line":112,"column":null}},"type":"if","locations":[{"start":{"line":112,"column":2},"end":{"line":112,"column":null}},{"start":{},"end":{}}],"line":112},"6":{"loc":{"start":{"line":114,"column":2},"end":{"line":116,"column":null}},"type":"if","locations":[{"start":{"line":114,"column":2},"end":{"line":116,"column":null}},{"start":{},"end":{}}],"line":114},"7":{"loc":{"start":{"line":121,"column":2},"end":{"line":121,"column":null}},"type":"if","locations":[{"start":{"line":121,"column":2},"end":{"line":121,"column":null}},{"start":{},"end":{}}],"line":121},"8":{"loc":{"start":{"line":130,"column":2},"end":{"line":130,"column":null}},"type":"if","locations":[{"start":{"line":130,"column":2},"end":{"line":130,"column":null}},{"start":{},"end":{}}],"line":130},"9":{"loc":{"start":{"line":137,"column":2},"end":{"line":139,"column":null}},"type":"if","locations":[{"start":{"line":137,"column":2},"end":{"line":139,"column":null}},{"start":{},"end":{}}],"line":137},"10":{"loc":{"start":{"line":137,"column":6},"end":{"line":137,"column":69}},"type":"binary-expr","locations":[{"start":{"line":137,"column":6},"end":{"line":137,"column":33}},{"start":{"line":137,"column":33},"end":{"line":137,"column":49}},{"start":{"line":137,"column":49},"end":{"line":137,"column":69}}],"line":137},"11":{"loc":{"start":{"line":141,"column":4},"end":{"line":143,"column":null}},"type":"if","locations":[{"start":{"line":141,"column":4},"end":{"line":143,"column":null}},{"start":{},"end":{}}],"line":141},"12":{"loc":{"start":{"line":141,"column":8},"end":{"line":141,"column":51}},"type":"binary-expr","locations":[{"start":{"line":141,"column":8},"end":{"line":141,"column":34}},{"start":{"line":141,"column":34},"end":{"line":141,"column":51}}],"line":141},"13":{"loc":{"start":{"line":151,"column":2},"end":{"line":151,"column":null}},"type":"if","locations":[{"start":{"line":151,"column":2},"end":{"line":151,"column":null}},{"start":{},"end":{}}],"line":151},"14":{"loc":{"start":{"line":152,"column":2},"end":{"line":154,"column":null}},"type":"if","locations":[{"start":{"line":152,"column":2},"end":{"line":154,"column":null}},{"start":{},"end":{}}],"line":152},"15":{"loc":{"start":{"line":157,"column":13},"end":{"line":157,"column":null}},"type":"cond-expr","locations":[{"start":{"line":157,"column":34},"end":{"line":157,"column":44}},{"start":{"line":157,"column":44},"end":{"line":157,"column":null}}],"line":157},"16":{"loc":{"start":{"line":177,"column":4},"end":{"line":177,"column":null}},"type":"if","locations":[{"start":{"line":177,"column":4},"end":{"line":177,"column":null}},{"start":{},"end":{}}],"line":177},"17":{"loc":{"start":{"line":177,"column":8},"end":{"line":177,"column":52}},"type":"binary-expr","locations":[{"start":{"line":177,"column":8},"end":{"line":177,"column":29}},{"start":{"line":177,"column":29},"end":{"line":177,"column":52}}],"line":177},"18":{"loc":{"start":{"line":182,"column":4},"end":{"line":194,"column":null}},"type":"if","locations":[{"start":{"line":182,"column":4},"end":{"line":194,"column":null}},{"start":{"line":185,"column":11},"end":{"line":194,"column":null}}],"line":182},"19":{"loc":{"start":{"line":188,"column":6},"end":{"line":193,"column":null}},"type":"if","locations":[{"start":{"line":188,"column":6},"end":{"line":193,"column":null}},{"start":{"line":191,"column":13},"end":{"line":193,"column":null}}],"line":188},"20":{"loc":{"start":{"line":188,"column":10},"end":{"line":188,"column":56}},"type":"binary-expr","locations":[{"start":{"line":188,"column":10},"end":{"line":188,"column":32}},{"start":{"line":188,"column":32},"end":{"line":188,"column":56}}],"line":188},"21":{"loc":{"start":{"line":196,"column":4},"end":{"line":204,"column":null}},"type":"if","locations":[{"start":{"line":196,"column":4},"end":{"line":204,"column":null}},{"start":{"line":202,"column":11},"end":{"line":204,"column":null}}],"line":196},"22":{"loc":{"start":{"line":200,"column":6},"end":{"line":200,"column":null}},"type":"if","locations":[{"start":{"line":200,"column":6},"end":{"line":200,"column":null}},{"start":{},"end":{}}],"line":200},"23":{"loc":{"start":{"line":208,"column":2},"end":{"line":210,"column":null}},"type":"if","locations":[{"start":{"line":208,"column":2},"end":{"line":210,"column":null}},{"start":{},"end":{}}],"line":208},"24":{"loc":{"start":{"line":214,"column":11},"end":{"line":214,"column":null}},"type":"cond-expr","locations":[{"start":{"line":214,"column":35},"end":{"line":214,"column":39}},{"start":{"line":214,"column":39},"end":{"line":214,"column":null}}],"line":214},"25":{"loc":{"start":{"line":216,"column":52},"end":{"line":216,"column":null}},"type":"cond-expr","locations":[{"start":{"line":216,"column":67},"end":{"line":216,"column":92}},{"start":{"line":216,"column":92},"end":{"line":216,"column":null}}],"line":216},"26":{"loc":{"start":{"line":219,"column":13},"end":{"line":219,"column":null}},"type":"cond-expr","locations":[{"start":{"line":219,"column":34},"end":{"line":219,"column":44}},{"start":{"line":219,"column":44},"end":{"line":219,"column":null}}],"line":219},"27":{"loc":{"start":{"line":245,"column":25},"end":{"line":245,"column":37}},"type":"binary-expr","locations":[{"start":{"line":245,"column":25},"end":{"line":245,"column":33}},{"start":{"line":245,"column":33},"end":{"line":245,"column":37}}],"line":245},"28":{"loc":{"start":{"line":256,"column":28},"end":{"line":256,"column":74}},"type":"default-arg","locations":[{"start":{"line":256,"column":52},"end":{"line":256,"column":74}}],"line":256},"29":{"loc":{"start":{"line":257,"column":15},"end":{"line":257,"column":null}},"type":"binary-expr","locations":[{"start":{"line":257,"column":15},"end":{"line":257,"column":31}},{"start":{"line":257,"column":31},"end":{"line":257,"column":null}}],"line":257},"30":{"loc":{"start":{"line":258,"column":30},"end":{"line":258,"column":47}},"type":"binary-expr","locations":[{"start":{"line":258,"column":30},"end":{"line":258,"column":45}},{"start":{"line":258,"column":45},"end":{"line":258,"column":47}}],"line":258},"31":{"loc":{"start":{"line":259,"column":31},"end":{"line":259,"column":49}},"type":"binary-expr","locations":[{"start":{"line":259,"column":31},"end":{"line":259,"column":47}},{"start":{"line":259,"column":47},"end":{"line":259,"column":49}}],"line":259},"32":{"loc":{"start":{"line":264,"column":19},"end":{"line":264,"column":null}},"type":"binary-expr","locations":[{"start":{"line":264,"column":19},"end":{"line":264,"column":40}},{"start":{"line":264,"column":40},"end":{"line":264,"column":61}},{"start":{"line":264,"column":61},"end":{"line":264,"column":null}}],"line":264},"33":{"loc":{"start":{"line":265,"column":15},"end":{"line":265,"column":null}},"type":"binary-expr","locations":[{"start":{"line":265,"column":15},"end":{"line":265,"column":32}},{"start":{"line":265,"column":32},"end":{"line":265,"column":49}},{"start":{"line":265,"column":49},"end":{"line":265,"column":67}},{"start":{"line":265,"column":67},"end":{"line":265,"column":null}}],"line":265},"34":{"loc":{"start":{"line":266,"column":15},"end":{"line":266,"column":null}},"type":"binary-expr","locations":[{"start":{"line":266,"column":15},"end":{"line":266,"column":32}},{"start":{"line":266,"column":32},"end":{"line":266,"column":49}},{"start":{"line":266,"column":49},"end":{"line":266,"column":67}},{"start":{"line":266,"column":67},"end":{"line":266,"column":null}}],"line":266},"35":{"loc":{"start":{"line":267,"column":10},"end":{"line":267,"column":null}},"type":"binary-expr","locations":[{"start":{"line":267,"column":10},"end":{"line":267,"column":22}},{"start":{"line":267,"column":22},"end":{"line":267,"column":34}},{"start":{"line":267,"column":34},"end":{"line":267,"column":47}},{"start":{"line":267,"column":47},"end":{"line":267,"column":null}}],"line":267},"36":{"loc":{"start":{"line":268,"column":14},"end":{"line":268,"column":null}},"type":"binary-expr","locations":[{"start":{"line":268,"column":14},"end":{"line":268,"column":30}},{"start":{"line":268,"column":30},"end":{"line":268,"column":46}},{"start":{"line":268,"column":46},"end":{"line":268,"column":63}},{"start":{"line":268,"column":63},"end":{"line":268,"column":null}}],"line":268},"37":{"loc":{"start":{"line":269,"column":11},"end":{"line":269,"column":null}},"type":"binary-expr","locations":[{"start":{"line":269,"column":11},"end":{"line":269,"column":24}},{"start":{"line":269,"column":24},"end":{"line":269,"column":37}},{"start":{"line":269,"column":37},"end":{"line":269,"column":null}}],"line":269},"38":{"loc":{"start":{"line":270,"column":16},"end":{"line":270,"column":null}},"type":"binary-expr","locations":[{"start":{"line":270,"column":16},"end":{"line":270,"column":34}},{"start":{"line":270,"column":34},"end":{"line":270,"column":52}},{"start":{"line":270,"column":52},"end":{"line":270,"column":71}},{"start":{"line":270,"column":71},"end":{"line":270,"column":null}}],"line":270},"39":{"loc":{"start":{"line":271,"column":15},"end":{"line":271,"column":null}},"type":"binary-expr","locations":[{"start":{"line":271,"column":15},"end":{"line":271,"column":32}},{"start":{"line":271,"column":32},"end":{"line":271,"column":49}},{"start":{"line":271,"column":49},"end":{"line":271,"column":67}},{"start":{"line":271,"column":67},"end":{"line":271,"column":null}}],"line":271},"40":{"loc":{"start":{"line":272,"column":14},"end":{"line":272,"column":null}},"type":"binary-expr","locations":[{"start":{"line":272,"column":14},"end":{"line":272,"column":30}},{"start":{"line":272,"column":30},"end":{"line":272,"column":46}},{"start":{"line":272,"column":46},"end":{"line":272,"column":63}},{"start":{"line":272,"column":63},"end":{"line":272,"column":null}}],"line":272},"41":{"loc":{"start":{"line":276,"column":2},"end":{"line":281,"column":null}},"type":"if","locations":[{"start":{"line":276,"column":2},"end":{"line":281,"column":null}},{"start":{},"end":{}}],"line":276},"42":{"loc":{"start":{"line":278,"column":21},"end":{"line":278,"column":50}},"type":"binary-expr","locations":[{"start":{"line":278,"column":21},"end":{"line":278,"column":41}},{"start":{"line":278,"column":41},"end":{"line":278,"column":50}}],"line":278},"43":{"loc":{"start":{"line":292,"column":4},"end":{"line":292,"column":null}},"type":"if","locations":[{"start":{"line":292,"column":4},"end":{"line":292,"column":null}},{"start":{},"end":{}}],"line":292},"44":{"loc":{"start":{"line":293,"column":4},"end":{"line":293,"column":null}},"type":"if","locations":[{"start":{"line":293,"column":4},"end":{"line":293,"column":null}},{"start":{},"end":{}}],"line":293},"45":{"loc":{"start":{"line":294,"column":4},"end":{"line":294,"column":null}},"type":"if","locations":[{"start":{"line":294,"column":4},"end":{"line":294,"column":null}},{"start":{},"end":{}}],"line":294},"46":{"loc":{"start":{"line":306,"column":27},"end":{"line":306,"column":72}},"type":"default-arg","locations":[{"start":{"line":306,"column":50},"end":{"line":306,"column":72}}],"line":306},"47":{"loc":{"start":{"line":307,"column":14},"end":{"line":307,"column":null}},"type":"binary-expr","locations":[{"start":{"line":307,"column":14},"end":{"line":307,"column":26}},{"start":{"line":307,"column":26},"end":{"line":307,"column":null}}],"line":307},"48":{"loc":{"start":{"line":308,"column":15},"end":{"line":308,"column":null}},"type":"binary-expr","locations":[{"start":{"line":308,"column":15},"end":{"line":308,"column":28}},{"start":{"line":308,"column":28},"end":{"line":308,"column":null}}],"line":308},"49":{"loc":{"start":{"line":312,"column":2},"end":{"line":327,"column":null}},"type":"if","locations":[{"start":{"line":312,"column":2},"end":{"line":327,"column":null}},{"start":{},"end":{}}],"line":312},"50":{"loc":{"start":{"line":313,"column":4},"end":{"line":315,"column":null}},"type":"if","locations":[{"start":{"line":313,"column":4},"end":{"line":315,"column":null}},{"start":{},"end":{}}],"line":313}},"s":{"0":1,"1":1,"2":1,"3":1,"4":1,"5":24,"6":2,"7":1,"8":1,"9":1,"10":14,"11":86,"12":78,"13":8,"14":8,"15":3,"16":5,"17":4,"18":1,"19":111,"20":101,"21":10,"22":10,"23":1,"24":9,"25":55,"26":53,"27":2,"28":5,"29":5,"30":33,"31":26,"32":7,"33":7,"34":1,"35":6,"36":1,"37":5,"38":6,"39":1,"40":5,"41":33,"42":33,"43":33,"44":4,"45":30,"46":4,"47":30,"48":28,"49":28,"50":28,"51":28,"52":16,"53":16,"54":2,"55":14,"56":14,"57":14,"58":2,"59":2,"60":12,"61":12,"62":12,"63":10,"64":10,"65":2,"66":14,"67":5,"68":5,"69":5,"70":1,"71":4,"72":9,"73":27,"74":27,"75":3,"76":27,"77":162,"78":162,"79":27,"80":81,"81":27,"82":55,"83":550,"84":27,"85":27,"86":81,"87":19,"88":27,"89":33,"90":33,"91":33,"92":33,"93":33,"94":33,"95":6,"96":6,"97":6,"98":21,"99":9,"100":9,"101":3,"102":3,"103":0,"104":3,"105":2,"106":1,"107":1,"108":6,"109":4,"110":4,"111":4,"112":4,"113":3,"114":0,"115":3,"116":3,"117":1,"118":2,"119":2,"120":1,"121":2},"f":{"0":24,"1":2,"2":86,"3":111,"4":55,"5":5,"6":5,"7":33,"8":6,"9":33,"10":28,"11":162,"12":81,"13":55,"14":550,"15":27,"16":33,"17":6,"18":9,"19":4},"b":{"0":[1,23],"1":[24,2],"2":[78,8],"3":[3,5],"4":[4,1],"5":[101,10],"6":[1,9],"7":[53,2],"8":[26,7],"9":[1,5],"10":[6,6,6],"11":[1,5],"12":[6,5],"13":[4,29],"14":[4,26],"15":[7,23],"16":[2,14],"17":[16,16],"18":[2,12],"19":[10,2],"20":[12,11],"21":[5,9],"22":[1,4],"23":[3,24],"24":[4,158],"25":[2,79],"26":[6,21],"27":[81,66],"28":[33],"29":[33,28],"30":[33,9],"31":[33,16],"32":[33,27,25],"33":[33,26,21,21],"34":[33,25,24,22],"35":[33,25,21,21],"36":[33,26,25,25],"37":[33,27,25],"38":[33,27,26,26],"39":[33,27,25,25],"40":[33,27,25,25],"41":[6,27],"42":[6,0],"43":[0,3],"44":[2,1],"45":[1,0],"46":[4],"47":[4,0],"48":[4,0],"49":[3,1],"50":[0,3]},"meta":{"lastBranch":51,"lastFunction":20,"lastStatement":122,"seen":{"s:14:27:22:Infinity":0,"s:25:26:25:Infinity":1,"s:26:26:26:Infinity":2,"s:29:21:32:Infinity":3,"s:35:21:59:Infinity":4,"f:49:3:49:16":0,"b:52:4:58:Infinity:undefined:undefined:undefined:undefined":0,"s:52:4:58:Infinity":5,"b:52:8:52:29:52:29:52:85":1,"f:52:42:52:48":1,"s:52:54:52:82":6,"s:53:6:57:Infinity":7,"s:64:36:64:Infinity":8,"s:66:17:74:Infinity":9,"s:77:27:77:Infinity":10,"f:103:9:103:19":2,"b:104:2:104:Infinity:undefined:undefined:undefined:undefined":2,"s:104:2:104:Infinity":11,"s:104:27:104:Infinity":12,"s:105:12:105:Infinity":13,"b:106:2:106:Infinity:undefined:undefined:undefined:undefined":3,"s:106:2:106:Infinity":14,"s:106:46:106:Infinity":15,"b:107:2:107:Infinity:undefined:undefined:undefined:undefined":4,"s:107:2:107:Infinity":16,"s:107:51:107:Infinity":17,"s:108:2:108:Infinity":18,"f:111:9:111:24":3,"b:112:2:112:Infinity:undefined:undefined:undefined:undefined":5,"s:112:2:112:Infinity":19,"s:112:27:112:Infinity":20,"s:113:12:113:Infinity":21,"b:114:2:116:Infinity:undefined:undefined:undefined:undefined":6,"s:114:2:116:Infinity":22,"s:115:4:115:Infinity":23,"s:117:2:117:Infinity":24,"f:120:9:120:19":4,"b:121:2:121:Infinity:undefined:undefined:undefined:undefined":7,"s:121:2:121:Infinity":25,"s:121:27:121:Infinity":26,"s:122:2:125:Infinity":27,"f:124:5:124:10":5,"s:124:16:124:24":28,"f:125:5:125:13":6,"s:125:19:125:31":29,"f:129:9:129:24":7,"b:130:2:130:Infinity:undefined:undefined:undefined:undefined":8,"s:130:2:130:Infinity":30,"s:130:27:130:Infinity":31,"s:132:2:136:Infinity":32,"s:133:4:133:Infinity":33,"s:135:4:135:Infinity":34,"b:137:2:139:Infinity:undefined:undefined:undefined:undefined":9,"s:137:2:139:Infinity":35,"b:137:6:137:33:137:33:137:49:137:49:137:69":10,"s:138:4:138:Infinity":36,"s:140:2:145:Infinity":37,"f:140:56:140:61":8,"b:141:4:143:Infinity:undefined:undefined:undefined:undefined":11,"s:141:4:143:Infinity":38,"b:141:8:141:34:141:34:141:51":12,"s:142:6:142:Infinity":39,"s:144:4:144:Infinity":40,"f:148:9:148:25":9,"s:149:34:149:Infinity":41,"s:150:17:150:Infinity":42,"b:151:2:151:Infinity:undefined:undefined:undefined:undefined":13,"s:151:2:151:Infinity":43,"s:151:14:151:Infinity":44,"b:152:2:154:Infinity:undefined:undefined:undefined:undefined":14,"s:152:2:154:Infinity":45,"s:153:4:153:Infinity":46,"s:156:2:167:Infinity":47,"b:157:34:157:44:157:44:157:Infinity":15,"f:171:9:171:26":10,"s:172:16:172:Infinity":48,"s:173:34:173:Infinity":49,"s:175:2:205:Infinity":50,"s:175:15:175:18":51,"s:176:16:176:Infinity":52,"b:177:4:177:Infinity:undefined:undefined:undefined:undefined":16,"s:177:4:177:Infinity":53,"b:177:8:177:29:177:29:177:52":17,"s:177:52:177:Infinity":54,"s:178:17:178:Infinity":55,"s:179:15:179:Infinity":56,"b:182:4:194:Infinity:185:11:194:Infinity":18,"s:182:4:194:Infinity":57,"s:183:6:183:Infinity":58,"s:184:6:184:Infinity":59,"s:186:6:186:Infinity":60,"s:187:19:187:Infinity":61,"b:188:6:193:Infinity:191:13:193:Infinity":19,"s:188:6:193:Infinity":62,"b:188:10:188:32:188:32:188:56":20,"s:189:8:189:Infinity":63,"s:190:8:190:Infinity":64,"s:192:8:192:Infinity":65,"b:196:4:204:Infinity:202:11:204:Infinity":21,"s:196:4:204:Infinity":66,"s:198:18:198:Infinity":67,"s:199:18:199:Infinity":68,"b:200:6:200:Infinity:undefined:undefined:undefined:undefined":22,"s:200:6:200:Infinity":69,"s:200:22:200:Infinity":70,"s:201:6:201:Infinity":71,"s:203:6:203:Infinity":72,"s:207:13:207:Infinity":73,"b:208:2:210:Infinity:undefined:undefined:undefined:undefined":23,"s:208:2:210:Infinity":74,"s:209:4:209:Infinity":75,"s:212:8:215:Infinity":76,"f:212:8:212:15":11,"s:213:14:213:Infinity":77,"s:214:4:214:Infinity":78,"b:214:35:214:39:214:39:214:Infinity":24,"s:216:8:216:Infinity":79,"f:216:8:216:16":12,"s:216:52:216:Infinity":80,"b:216:67:216:92:216:92:216:Infinity":25,"s:218:2:229:Infinity":81,"b:219:34:219:44:219:44:219:Infinity":26,"f:232:9:232:24":13,"s:233:2:235:Infinity":82,"f:234:24:234:32":14,"s:234:42:234:57":83,"f:242:9:242:22":15,"s:243:17:243:Infinity":84,"s:244:2:248:Infinity":85,"s:245:4:247:Infinity":86,"b:245:25:245:33:245:33:245:37":27,"s:246:6:246:Infinity":87,"s:249:2:249:Infinity":88,"f:256:16:256:28":16,"b:256:52:256:74":28,"s:257:15:257:Infinity":89,"b:257:15:257:31:257:31:257:Infinity":29,"s:258:14:258:Infinity":90,"b:258:30:258:45:258:45:258:47":30,"s:259:14:259:Infinity":91,"b:259:31:259:47:259:47:259:49":31,"s:261:17:273:Infinity":92,"b:264:19:264:40:264:40:264:61:264:61:264:Infinity":32,"b:265:15:265:32:265:32:265:49:265:49:265:67:265:67:265:Infinity":33,"b:266:15:266:32:266:32:266:49:266:49:266:67:266:67:266:Infinity":34,"b:267:10:267:22:267:22:267:34:267:34:267:47:267:47:267:Infinity":35,"b:268:14:268:30:268:30:268:46:268:46:268:63:268:63:268:Infinity":36,"b:269:11:269:24:269:24:269:37:269:37:269:Infinity":37,"b:270:16:270:34:270:34:270:52:270:52:270:71:270:71:270:Infinity":38,"b:271:15:271:32:271:32:271:49:271:49:271:67:271:67:271:Infinity":39,"b:272:14:272:30:272:30:272:46:272:46:272:63:272:63:272:Infinity":40,"s:275:17:275:Infinity":93,"b:276:2:281:Infinity:undefined:undefined:undefined:undefined":41,"s:276:2:281:Infinity":94,"s:277:20:279:Infinity":95,"f:278:7:278:12":17,"s:278:18:278:65":96,"b:278:21:278:41:278:41:278:50":42,"s:280:4:280:Infinity":97,"s:282:2:282:Infinity":98,"f:286:16:286:Infinity":18,"s:290:2:295:Infinity":99,"s:290:15:290:18":100,"s:291:16:291:Infinity":101,"b:292:4:292:Infinity:undefined:undefined:undefined:undefined":43,"s:292:4:292:Infinity":102,"s:292:27:292:Infinity":103,"b:293:4:293:Infinity:undefined:undefined:undefined:undefined":44,"s:293:4:293:Infinity":104,"s:293:37:293:Infinity":105,"b:294:4:294:Infinity:undefined:undefined:undefined:undefined":45,"s:294:4:294:Infinity":106,"s:294:28:294:Infinity":107,"s:296:2:296:Infinity":108,"f:306:16:306:27":19,"b:306:50:306:72":46,"s:307:14:307:Infinity":109,"b:307:14:307:26:307:26:307:Infinity":47,"s:308:15:308:Infinity":110,"b:308:15:308:28:308:28:308:Infinity":48,"s:311:15:311:Infinity":111,"b:312:2:327:Infinity:undefined:undefined:undefined:undefined":49,"s:312:2:327:Infinity":112,"b:313:4:315:Infinity:undefined:undefined:undefined:undefined":50,"s:313:4:315:Infinity":113,"s:314:6:314:Infinity":114,"s:317:4:321:Infinity":115,"s:318:6:318:Infinity":116,"s:320:6:320:Infinity":117,"s:322:4:326:Infinity":118,"s:323:6:323:Infinity":119,"s:325:6:325:Infinity":120,"s:329:2:329:Infinity":121},"fnNames":{}}}
}
